-------------------------------------------------------------------------------
Test set: com.bac.accountserviceapp.data.mysql.MysqlAccountServiceAppAuthenticateAppTest
-------------------------------------------------------------------------------
Tests run: 5, Failures: 0, Errors: 5, Skipped: 0, Time elapsed: 0.185 sec <<< FAILURE!
testAuthenticateApplication(com.bac.accountserviceapp.data.mysql.MysqlAccountServiceAppAuthenticateAppTest)  Time elapsed: 0.001 sec  <<< ERROR!
org.springframework.beans.factory.BeanCreationException: Error creating bean with name 'dataSource': Invocation of init method failed; nested exception is javax.naming.CommunicationException: Communication exception for SerialContext[myEnv={java.naming.factory.state=com.sun.corba.ee.impl.presentation.rmi.JNDIStateFactoryImpl, java.naming.factory.url.pkgs=com.sun.enterprise.naming, java.naming.factory.initial=com.sun.enterprise.naming.SerialInitContextFactory} [Root exception is java.rmi.MarshalException: CORBA MARSHAL 1330446347 Maybe; nested exception is: 
	org.omg.CORBA.MARSHAL: WARNING: IOP00810011: Exception from readValue on ValueHandler in CDRInputStream  vmcid: OMG  minor code: 11 completed: Maybe]
	at org.springframework.beans.factory.support.AbstractAutowireCapableBeanFactory.initializeBean(AbstractAutowireCapableBeanFactory.java:1482)
	at org.springframework.beans.factory.support.AbstractAutowireCapableBeanFactory.doCreateBean(AbstractAutowireCapableBeanFactory.java:521)
	at org.springframework.beans.factory.support.AbstractAutowireCapableBeanFactory.createBean(AbstractAutowireCapableBeanFactory.java:458)
	at org.springframework.beans.factory.support.AbstractBeanFactory$1.getObject(AbstractBeanFactory.java:295)
	at org.springframework.beans.factory.support.DefaultSingletonBeanRegistry.getSingleton(DefaultSingletonBeanRegistry.java:223)
	at org.springframework.beans.factory.support.AbstractBeanFactory.doGetBean(AbstractBeanFactory.java:292)
	at org.springframework.beans.factory.support.AbstractBeanFactory.getBean(AbstractBeanFactory.java:194)
	at org.springframework.beans.factory.support.DefaultListableBeanFactory.preInstantiateSingletons(DefaultListableBeanFactory.java:608)
	at org.springframework.context.support.AbstractApplicationContext.finishBeanFactoryInitialization(AbstractApplicationContext.java:932)
	at org.springframework.context.support.AbstractApplicationContext.refresh(AbstractApplicationContext.java:479)
	at org.springframework.context.support.ClassPathXmlApplicationContext.<init>(ClassPathXmlApplicationContext.java:139)
	at org.springframework.context.support.ClassPathXmlApplicationContext.<init>(ClassPathXmlApplicationContext.java:83)
	at com.bac.accountserviceapp.data.mysql.MysqlAccountServiceAppAuthenticateAppTest.<init>(MysqlAccountServiceAppAuthenticateAppTest.java:64)
	at sun.reflect.NativeConstructorAccessorImpl.newInstance0(Native Method)
	at sun.reflect.NativeConstructorAccessorImpl.newInstance(NativeConstructorAccessorImpl.java:57)
	at sun.reflect.DelegatingConstructorAccessorImpl.newInstance(DelegatingConstructorAccessorImpl.java:45)
	at java.lang.reflect.Constructor.newInstance(Constructor.java:526)
	at org.junit.runners.BlockJUnit4ClassRunner.createTest(BlockJUnit4ClassRunner.java:187)
	at org.junit.runners.BlockJUnit4ClassRunner$1.runReflectiveCall(BlockJUnit4ClassRunner.java:236)
	at org.junit.internal.runners.model.ReflectiveCallable.run(ReflectiveCallable.java:15)
	at org.junit.runners.BlockJUnit4ClassRunner.methodBlock(BlockJUnit4ClassRunner.java:233)
	at org.junit.runners.BlockJUnit4ClassRunner.runChild(BlockJUnit4ClassRunner.java:68)
	at org.junit.runners.BlockJUnit4ClassRunner.runChild(BlockJUnit4ClassRunner.java:47)
	at org.junit.runners.ParentRunner$3.run(ParentRunner.java:231)
	at org.junit.runners.ParentRunner$1.schedule(ParentRunner.java:60)
	at org.junit.runners.ParentRunner.runChildren(ParentRunner.java:229)
	at org.junit.runners.ParentRunner.access$000(ParentRunner.java:50)
	at org.junit.runners.ParentRunner$2.evaluate(ParentRunner.java:222)
	at org.junit.internal.runners.statements.RunBefores.evaluate(RunBefores.java:28)
	at org.junit.internal.runners.statements.RunAfters.evaluate(RunAfters.java:30)
	at org.junit.runners.ParentRunner.run(ParentRunner.java:300)
	at org.apache.maven.surefire.junit4.JUnit4TestSet.execute(JUnit4TestSet.java:53)
	at org.apache.maven.surefire.junit4.JUnit4Provider.executeTestSet(JUnit4Provider.java:123)
	at org.apache.maven.surefire.junit4.JUnit4Provider.invoke(JUnit4Provider.java:104)
	at sun.reflect.NativeMethodAccessorImpl.invoke0(Native Method)
	at sun.reflect.NativeMethodAccessorImpl.invoke(NativeMethodAccessorImpl.java:57)
	at sun.reflect.DelegatingMethodAccessorImpl.invoke(DelegatingMethodAccessorImpl.java:43)
	at java.lang.reflect.Method.invoke(Method.java:606)
	at org.apache.maven.surefire.util.ReflectionUtils.invokeMethodWithArray(ReflectionUtils.java:164)
	at org.apache.maven.surefire.booter.ProviderFactory$ProviderProxy.invoke(ProviderFactory.java:110)
	at org.apache.maven.surefire.booter.SurefireStarter.invokeProvider(SurefireStarter.java:175)
	at org.apache.maven.surefire.booter.SurefireStarter.runSuitesInProcessWhenForked(SurefireStarter.java:107)
	at org.apache.maven.surefire.booter.ForkedBooter.main(ForkedBooter.java:68)
Caused by: javax.naming.CommunicationException: Communication exception for SerialContext[myEnv={java.naming.factory.state=com.sun.corba.ee.impl.presentation.rmi.JNDIStateFactoryImpl, java.naming.factory.url.pkgs=com.sun.enterprise.naming, java.naming.factory.initial=com.sun.enterprise.naming.SerialInitContextFactory} [Root exception is java.rmi.MarshalException: CORBA MARSHAL 1330446347 Maybe; nested exception is: 
	org.omg.CORBA.MARSHAL: WARNING: IOP00810011: Exception from readValue on ValueHandler in CDRInputStream  vmcid: OMG  minor code: 11 completed: Maybe]
	at com.sun.enterprise.naming.impl.SerialContext.lookup(SerialContext.java:542)
	at com.sun.enterprise.naming.impl.SerialContext.lookup(SerialContext.java:455)
	at javax.naming.InitialContext.lookup(InitialContext.java:411)
	at org.springframework.jndi.JndiTemplate$1.doInContext(JndiTemplate.java:154)
	at org.springframework.jndi.JndiTemplate.execute(JndiTemplate.java:87)
	at org.springframework.jndi.JndiTemplate.lookup(JndiTemplate.java:152)
	at org.springframework.jndi.JndiTemplate.lookup(JndiTemplate.java:178)
	at org.springframework.jndi.JndiLocatorSupport.lookup(JndiLocatorSupport.java:104)
	at org.springframework.jndi.JndiObjectLocator.lookup(JndiObjectLocator.java:105)
	at org.springframework.jndi.JndiObjectFactoryBean.lookupWithFallback(JndiObjectFactoryBean.java:201)
	at org.springframework.jndi.JndiObjectFactoryBean.afterPropertiesSet(JndiObjectFactoryBean.java:187)
	at org.springframework.beans.factory.support.AbstractAutowireCapableBeanFactory.invokeInitMethods(AbstractAutowireCapableBeanFactory.java:1541)
	at org.springframework.beans.factory.support.AbstractAutowireCapableBeanFactory.initializeBean(AbstractAutowireCapableBeanFactory.java:1479)
	... 42 more
Caused by: java.rmi.MarshalException: CORBA MARSHAL 1330446347 Maybe; nested exception is: 
	org.omg.CORBA.MARSHAL: WARNING: IOP00810011: Exception from readValue on ValueHandler in CDRInputStream  vmcid: OMG  minor code: 11 completed: Maybe
	at com.sun.corba.ee.impl.javax.rmi.CORBA.Util.mapSystemException(Util.java:267)
	at com.sun.corba.ee.impl.presentation.rmi.StubInvocationHandlerImpl.privateInvoke(StubInvocationHandlerImpl.java:213)
	at com.sun.corba.ee.impl.presentation.rmi.StubInvocationHandlerImpl.invoke(StubInvocationHandlerImpl.java:152)
	at com.sun.corba.ee.impl.presentation.rmi.codegen.CodegenStubBase.invoke(CodegenStubBase.java:227)
	at com.sun.enterprise.naming.impl._SerialContextProvider_DynamicStub.lookup(com/sun/enterprise/naming/impl/_SerialContextProvider_DynamicStub.java)
	at com.sun.enterprise.naming.impl.SerialContext.lookup(SerialContext.java:505)
	... 54 more
Caused by: org.omg.CORBA.MARSHAL: WARNING: IOP00810011: Exception from readValue on ValueHandler in CDRInputStream  vmcid: OMG  minor code: 11 completed: Maybe
	at sun.reflect.GeneratedConstructorAccessor40.newInstance(Unknown Source)
	at sun.reflect.DelegatingConstructorAccessorImpl.newInstance(DelegatingConstructorAccessorImpl.java:45)
	at java.lang.reflect.Constructor.newInstance(Constructor.java:526)
	at com.sun.corba.ee.spi.orbutil.logex.corba.CorbaExtension.makeException(CorbaExtension.java:248)
	at com.sun.corba.ee.spi.orbutil.logex.corba.CorbaExtension.makeException(CorbaExtension.java:95)
	at com.sun.corba.ee.spi.orbutil.logex.WrapperGenerator.handleFullLogging(WrapperGenerator.java:387)
	at com.sun.corba.ee.spi.orbutil.logex.WrapperGenerator.access$400(WrapperGenerator.java:107)
	at com.sun.corba.ee.spi.orbutil.logex.WrapperGenerator$2.invoke(WrapperGenerator.java:511)
	at com.sun.corba.ee.spi.orbutil.proxy.CompositeInvocationHandlerImpl.invoke(CompositeInvocationHandlerImpl.java:99)
	at com.sun.proxy.$Proxy31.valuehandlerReadException(Unknown Source)
	at com.sun.corba.ee.impl.encoding.CDRInputStream_1_0.readRMIIIOPValueType(CDRInputStream_1_0.java:1022)
	at com.sun.corba.ee.impl.encoding.CDRInputStream_1_0.read_value(CDRInputStream_1_0.java:1123)
	at com.sun.corba.ee.impl.encoding.CDRInputObject.read_value(CDRInputObject.java:531)
	at com.sun.corba.ee.impl.io.IIOPInputStream.inputObjectField(IIOPInputStream.java:2162)
	at com.sun.corba.ee.impl.io.IIOPInputStream.inputClassFields(IIOPInputStream.java:2404)
	at com.sun.corba.ee.impl.io.IIOPInputStream.inputObject(IIOPInputStream.java:1224)
	at com.sun.corba.ee.impl.io.IIOPInputStream.simpleReadObject(IIOPInputStream.java:425)
	at com.sun.corba.ee.impl.io.ValueHandlerImpl.readValueInternal(ValueHandlerImpl.java:308)
	at com.sun.corba.ee.impl.io.ValueHandlerImpl.readValue(ValueHandlerImpl.java:274)
	at com.sun.corba.ee.impl.encoding.CDRInputStream_1_0.readRMIIIOPValueType(CDRInputStream_1_0.java:1015)
	at com.sun.corba.ee.impl.encoding.CDRInputStream_1_0.read_value(CDRInputStream_1_0.java:1123)
	at com.sun.corba.ee.impl.encoding.CDRInputObject.read_value(CDRInputObject.java:531)
	at com.sun.corba.ee.impl.io.IIOPInputStream.inputObjectField(IIOPInputStream.java:2162)
	at com.sun.corba.ee.impl.io.IIOPInputStream.inputClassFields(IIOPInputStream.java:2404)
	at com.sun.corba.ee.impl.io.IIOPInputStream.inputObject(IIOPInputStream.java:1224)
	at com.sun.corba.ee.impl.io.IIOPInputStream.simpleReadObject(IIOPInputStream.java:425)
	at com.sun.corba.ee.impl.io.ValueHandlerImpl.readValueInternal(ValueHandlerImpl.java:308)
	at com.sun.corba.ee.impl.io.ValueHandlerImpl.readValue(ValueHandlerImpl.java:274)
	at com.sun.corba.ee.impl.encoding.CDRInputStream_1_0.readRMIIIOPValueType(CDRInputStream_1_0.java:1015)
	at com.sun.corba.ee.impl.encoding.CDRInputStream_1_0.read_value(CDRInputStream_1_0.java:1123)
	at com.sun.corba.ee.impl.encoding.CDRInputStream_1_0.read_value(CDRInputStream_1_0.java:935)
	at com.sun.corba.ee.impl.encoding.CDRInputObject.read_value(CDRInputObject.java:525)
	at com.sun.corba.ee.impl.corba.TCUtility.unmarshalIn(TCUtility.java:289)
	at com.sun.corba.ee.impl.corba.AnyImpl.read_value(AnyImpl.java:605)
	at com.sun.corba.ee.impl.encoding.CDRInputStream_1_0.read_any(CDRInputStream_1_0.java:775)
	at com.sun.corba.ee.impl.encoding.CDRInputObject.read_any(CDRInputObject.java:482)
	at com.sun.corba.ee.impl.javax.rmi.CORBA.Util.readAny(Util.java:452)
	at com.sun.corba.ee.impl.presentation.rmi.DynamicMethodMarshallerImpl$10.read(DynamicMethodMarshallerImpl.java:299)
	at com.sun.corba.ee.impl.presentation.rmi.DynamicMethodMarshallerImpl.readResult(DynamicMethodMarshallerImpl.java:483)
	at com.sun.corba.ee.impl.presentation.rmi.StubInvocationHandlerImpl.privateInvoke(StubInvocationHandlerImpl.java:203)
	... 58 more
Caused by: java.lang.NullPointerException
	at com.sun.corba.ee.impl.orbutil.ClassInfoCache$ClassInfo.<init>(ClassInfoCache.java:156)
	at com.sun.corba.ee.impl.orbutil.ClassInfoCache.get(ClassInfoCache.java:281)
	at com.sun.corba.ee.impl.encoding.CDRInputStream_1_0.read_value(CDRInputStream_1_0.java:1097)
	at com.sun.corba.ee.impl.encoding.CDRInputStream_1_0.read_value(CDRInputStream_1_0.java:935)
	at com.sun.corba.ee.impl.encoding.CDRInputObject.read_value(CDRInputObject.java:525)
	at com.sun.corba.ee.impl.corba.TCUtility.unmarshalIn(TCUtility.java:289)
	at com.sun.corba.ee.impl.corba.AnyImpl.read_value(AnyImpl.java:605)
	at com.sun.corba.ee.impl.encoding.CDRInputStream_1_0.read_any(CDRInputStream_1_0.java:775)
	at com.sun.corba.ee.impl.encoding.CDRInputObject.read_any(CDRInputObject.java:482)
	at com.sun.corba.ee.impl.javax.rmi.CORBA.Util.readAny(Util.java:452)
	at com.sun.corba.ee.impl.io.ValueHandlerImpl.read_Array(ValueHandlerImpl.java:639)
	at com.sun.corba.ee.impl.io.ValueHandlerImpl.readValueInternal(ValueHandlerImpl.java:305)
	at com.sun.corba.ee.impl.io.ValueHandlerImpl.readValue(ValueHandlerImpl.java:274)
	at com.sun.corba.ee.impl.encoding.CDRInputStream_1_0.readRMIIIOPValueType(CDRInputStream_1_0.java:1015)
	... 87 more
testAuthenticateApplication_Disabled(com.bac.accountserviceapp.data.mysql.MysqlAccountServiceAppAuthenticateAppTest)  Time elapsed: 0.001 sec  <<< ERROR!
org.springframework.beans.factory.BeanCreationException: Error creating bean with name 'dataSource': Invocation of init method failed; nested exception is javax.naming.CommunicationException: Communication exception for SerialContext[myEnv={java.naming.factory.state=com.sun.corba.ee.impl.presentation.rmi.JNDIStateFactoryImpl, java.naming.factory.url.pkgs=com.sun.enterprise.naming, java.naming.factory.initial=com.sun.enterprise.naming.SerialInitContextFactory} [Root exception is java.rmi.MarshalException: CORBA MARSHAL 1330446347 Maybe; nested exception is: 
	org.omg.CORBA.MARSHAL: WARNING: IOP00810011: Exception from readValue on ValueHandler in CDRInputStream  vmcid: OMG  minor code: 11 completed: Maybe]
	at org.springframework.beans.factory.support.AbstractAutowireCapableBeanFactory.initializeBean(AbstractAutowireCapableBeanFactory.java:1482)
	at org.springframework.beans.factory.support.AbstractAutowireCapableBeanFactory.doCreateBean(AbstractAutowireCapableBeanFactory.java:521)
	at org.springframework.beans.factory.support.AbstractAutowireCapableBeanFactory.createBean(AbstractAutowireCapableBeanFactory.java:458)
	at org.springframework.beans.factory.support.AbstractBeanFactory$1.getObject(AbstractBeanFactory.java:295)
	at org.springframework.beans.factory.support.DefaultSingletonBeanRegistry.getSingleton(DefaultSingletonBeanRegistry.java:223)
	at org.springframework.beans.factory.support.AbstractBeanFactory.doGetBean(AbstractBeanFactory.java:292)
	at org.springframework.beans.factory.support.AbstractBeanFactory.getBean(AbstractBeanFactory.java:194)
	at org.springframework.beans.factory.support.DefaultListableBeanFactory.preInstantiateSingletons(DefaultListableBeanFactory.java:608)
	at org.springframework.context.support.AbstractApplicationContext.finishBeanFactoryInitialization(AbstractApplicationContext.java:932)
	at org.springframework.context.support.AbstractApplicationContext.refresh(AbstractApplicationContext.java:479)
	at org.springframework.context.support.ClassPathXmlApplicationContext.<init>(ClassPathXmlApplicationContext.java:139)
	at org.springframework.context.support.ClassPathXmlApplicationContext.<init>(ClassPathXmlApplicationContext.java:83)
	at com.bac.accountserviceapp.data.mysql.MysqlAccountServiceAppAuthenticateAppTest.<init>(MysqlAccountServiceAppAuthenticateAppTest.java:64)
	at sun.reflect.NativeConstructorAccessorImpl.newInstance0(Native Method)
	at sun.reflect.NativeConstructorAccessorImpl.newInstance(NativeConstructorAccessorImpl.java:57)
	at sun.reflect.DelegatingConstructorAccessorImpl.newInstance(DelegatingConstructorAccessorImpl.java:45)
	at java.lang.reflect.Constructor.newInstance(Constructor.java:526)
	at org.junit.runners.BlockJUnit4ClassRunner.createTest(BlockJUnit4ClassRunner.java:187)
	at org.junit.runners.BlockJUnit4ClassRunner$1.runReflectiveCall(BlockJUnit4ClassRunner.java:236)
	at org.junit.internal.runners.model.ReflectiveCallable.run(ReflectiveCallable.java:15)
	at org.junit.runners.BlockJUnit4ClassRunner.methodBlock(BlockJUnit4ClassRunner.java:233)
	at org.junit.runners.BlockJUnit4ClassRunner.runChild(BlockJUnit4ClassRunner.java:68)
	at org.junit.runners.BlockJUnit4ClassRunner.runChild(BlockJUnit4ClassRunner.java:47)
	at org.junit.runners.ParentRunner$3.run(ParentRunner.java:231)
	at org.junit.runners.ParentRunner$1.schedule(ParentRunner.java:60)
	at org.junit.runners.ParentRunner.runChildren(ParentRunner.java:229)
	at org.junit.runners.ParentRunner.access$000(ParentRunner.java:50)
	at org.junit.runners.ParentRunner$2.evaluate(ParentRunner.java:222)
	at org.junit.internal.runners.statements.RunBefores.evaluate(RunBefores.java:28)
	at org.junit.internal.runners.statements.RunAfters.evaluate(RunAfters.java:30)
	at org.junit.runners.ParentRunner.run(ParentRunner.java:300)
	at org.apache.maven.surefire.junit4.JUnit4TestSet.execute(JUnit4TestSet.java:53)
	at org.apache.maven.surefire.junit4.JUnit4Provider.executeTestSet(JUnit4Provider.java:123)
	at org.apache.maven.surefire.junit4.JUnit4Provider.invoke(JUnit4Provider.java:104)
	at sun.reflect.NativeMethodAccessorImpl.invoke0(Native Method)
	at sun.reflect.NativeMethodAccessorImpl.invoke(NativeMethodAccessorImpl.java:57)
	at sun.reflect.DelegatingMethodAccessorImpl.invoke(DelegatingMethodAccessorImpl.java:43)
	at java.lang.reflect.Method.invoke(Method.java:606)
	at org.apache.maven.surefire.util.ReflectionUtils.invokeMethodWithArray(ReflectionUtils.java:164)
	at org.apache.maven.surefire.booter.ProviderFactory$ProviderProxy.invoke(ProviderFactory.java:110)
	at org.apache.maven.surefire.booter.SurefireStarter.invokeProvider(SurefireStarter.java:175)
	at org.apache.maven.surefire.booter.SurefireStarter.runSuitesInProcessWhenForked(SurefireStarter.java:107)
	at org.apache.maven.surefire.booter.ForkedBooter.main(ForkedBooter.java:68)
Caused by: javax.naming.CommunicationException: Communication exception for SerialContext[myEnv={java.naming.factory.state=com.sun.corba.ee.impl.presentation.rmi.JNDIStateFactoryImpl, java.naming.factory.url.pkgs=com.sun.enterprise.naming, java.naming.factory.initial=com.sun.enterprise.naming.SerialInitContextFactory} [Root exception is java.rmi.MarshalException: CORBA MARSHAL 1330446347 Maybe; nested exception is: 
	org.omg.CORBA.MARSHAL: WARNING: IOP00810011: Exception from readValue on ValueHandler in CDRInputStream  vmcid: OMG  minor code: 11 completed: Maybe]
	at com.sun.enterprise.naming.impl.SerialContext.lookup(SerialContext.java:542)
	at com.sun.enterprise.naming.impl.SerialContext.lookup(SerialContext.java:455)
	at javax.naming.InitialContext.lookup(InitialContext.java:411)
	at org.springframework.jndi.JndiTemplate$1.doInContext(JndiTemplate.java:154)
	at org.springframework.jndi.JndiTemplate.execute(JndiTemplate.java:87)
	at org.springframework.jndi.JndiTemplate.lookup(JndiTemplate.java:152)
	at org.springframework.jndi.JndiTemplate.lookup(JndiTemplate.java:178)
	at org.springframework.jndi.JndiLocatorSupport.lookup(JndiLocatorSupport.java:104)
	at org.springframework.jndi.JndiObjectLocator.lookup(JndiObjectLocator.java:105)
	at org.springframework.jndi.JndiObjectFactoryBean.lookupWithFallback(JndiObjectFactoryBean.java:201)
	at org.springframework.jndi.JndiObjectFactoryBean.afterPropertiesSet(JndiObjectFactoryBean.java:187)
	at org.springframework.beans.factory.support.AbstractAutowireCapableBeanFactory.invokeInitMethods(AbstractAutowireCapableBeanFactory.java:1541)
	at org.springframework.beans.factory.support.AbstractAutowireCapableBeanFactory.initializeBean(AbstractAutowireCapableBeanFactory.java:1479)
	... 42 more
Caused by: java.rmi.MarshalException: CORBA MARSHAL 1330446347 Maybe; nested exception is: 
	org.omg.CORBA.MARSHAL: WARNING: IOP00810011: Exception from readValue on ValueHandler in CDRInputStream  vmcid: OMG  minor code: 11 completed: Maybe
	at com.sun.corba.ee.impl.javax.rmi.CORBA.Util.mapSystemException(Util.java:267)
	at com.sun.corba.ee.impl.presentation.rmi.StubInvocationHandlerImpl.privateInvoke(StubInvocationHandlerImpl.java:213)
	at com.sun.corba.ee.impl.presentation.rmi.StubInvocationHandlerImpl.invoke(StubInvocationHandlerImpl.java:152)
	at com.sun.corba.ee.impl.presentation.rmi.codegen.CodegenStubBase.invoke(CodegenStubBase.java:227)
	at com.sun.enterprise.naming.impl._SerialContextProvider_DynamicStub.lookup(com/sun/enterprise/naming/impl/_SerialContextProvider_DynamicStub.java)
	at com.sun.enterprise.naming.impl.SerialContext.lookup(SerialContext.java:505)
	... 54 more
Caused by: org.omg.CORBA.MARSHAL: WARNING: IOP00810011: Exception from readValue on ValueHandler in CDRInputStream  vmcid: OMG  minor code: 11 completed: Maybe
	at sun.reflect.GeneratedConstructorAccessor40.newInstance(Unknown Source)
	at sun.reflect.DelegatingConstructorAccessorImpl.newInstance(DelegatingConstructorAccessorImpl.java:45)
	at java.lang.reflect.Constructor.newInstance(Constructor.java:526)
	at com.sun.corba.ee.spi.orbutil.logex.corba.CorbaExtension.makeException(CorbaExtension.java:248)
	at com.sun.corba.ee.spi.orbutil.logex.corba.CorbaExtension.makeException(CorbaExtension.java:95)
	at com.sun.corba.ee.spi.orbutil.logex.WrapperGenerator.handleFullLogging(WrapperGenerator.java:387)
	at com.sun.corba.ee.spi.orbutil.logex.WrapperGenerator.access$400(WrapperGenerator.java:107)
	at com.sun.corba.ee.spi.orbutil.logex.WrapperGenerator$2.invoke(WrapperGenerator.java:511)
	at com.sun.corba.ee.spi.orbutil.proxy.CompositeInvocationHandlerImpl.invoke(CompositeInvocationHandlerImpl.java:99)
	at com.sun.proxy.$Proxy31.valuehandlerReadException(Unknown Source)
	at com.sun.corba.ee.impl.encoding.CDRInputStream_1_0.readRMIIIOPValueType(CDRInputStream_1_0.java:1022)
	at com.sun.corba.ee.impl.encoding.CDRInputStream_1_0.read_value(CDRInputStream_1_0.java:1123)
	at com.sun.corba.ee.impl.encoding.CDRInputObject.read_value(CDRInputObject.java:531)
	at com.sun.corba.ee.impl.io.IIOPInputStream.inputObjectField(IIOPInputStream.java:2162)
	at com.sun.corba.ee.impl.io.IIOPInputStream.inputClassFields(IIOPInputStream.java:2404)
	at com.sun.corba.ee.impl.io.IIOPInputStream.inputObject(IIOPInputStream.java:1224)
	at com.sun.corba.ee.impl.io.IIOPInputStream.simpleReadObject(IIOPInputStream.java:425)
	at com.sun.corba.ee.impl.io.ValueHandlerImpl.readValueInternal(ValueHandlerImpl.java:308)
	at com.sun.corba.ee.impl.io.ValueHandlerImpl.readValue(ValueHandlerImpl.java:274)
	at com.sun.corba.ee.impl.encoding.CDRInputStream_1_0.readRMIIIOPValueType(CDRInputStream_1_0.java:1015)
	at com.sun.corba.ee.impl.encoding.CDRInputStream_1_0.read_value(CDRInputStream_1_0.java:1123)
	at com.sun.corba.ee.impl.encoding.CDRInputObject.read_value(CDRInputObject.java:531)
	at com.sun.corba.ee.impl.io.IIOPInputStream.inputObjectField(IIOPInputStream.java:2162)
	at com.sun.corba.ee.impl.io.IIOPInputStream.inputClassFields(IIOPInputStream.java:2404)
	at com.sun.corba.ee.impl.io.IIOPInputStream.inputObject(IIOPInputStream.java:1224)
	at com.sun.corba.ee.impl.io.IIOPInputStream.simpleReadObject(IIOPInputStream.java:425)
	at com.sun.corba.ee.impl.io.ValueHandlerImpl.readValueInternal(ValueHandlerImpl.java:308)
	at com.sun.corba.ee.impl.io.ValueHandlerImpl.readValue(ValueHandlerImpl.java:274)
	at com.sun.corba.ee.impl.encoding.CDRInputStream_1_0.readRMIIIOPValueType(CDRInputStream_1_0.java:1015)
	at com.sun.corba.ee.impl.encoding.CDRInputStream_1_0.read_value(CDRInputStream_1_0.java:1123)
	at com.sun.corba.ee.impl.encoding.CDRInputStream_1_0.read_value(CDRInputStream_1_0.java:935)
	at com.sun.corba.ee.impl.encoding.CDRInputObject.read_value(CDRInputObject.java:525)
	at com.sun.corba.ee.impl.corba.TCUtility.unmarshalIn(TCUtility.java:289)
	at com.sun.corba.ee.impl.corba.AnyImpl.read_value(AnyImpl.java:605)
	at com.sun.corba.ee.impl.encoding.CDRInputStream_1_0.read_any(CDRInputStream_1_0.java:775)
	at com.sun.corba.ee.impl.encoding.CDRInputObject.read_any(CDRInputObject.java:482)
	at com.sun.corba.ee.impl.javax.rmi.CORBA.Util.readAny(Util.java:452)
	at com.sun.corba.ee.impl.presentation.rmi.DynamicMethodMarshallerImpl$10.read(DynamicMethodMarshallerImpl.java:299)
	at com.sun.corba.ee.impl.presentation.rmi.DynamicMethodMarshallerImpl.readResult(DynamicMethodMarshallerImpl.java:483)
	at com.sun.corba.ee.impl.presentation.rmi.StubInvocationHandlerImpl.privateInvoke(StubInvocationHandlerImpl.java:203)
	... 58 more
Caused by: java.lang.NullPointerException
	at com.sun.corba.ee.impl.orbutil.ClassInfoCache$ClassInfo.<init>(ClassInfoCache.java:156)
	at com.sun.corba.ee.impl.orbutil.ClassInfoCache.get(ClassInfoCache.java:281)
	at com.sun.corba.ee.impl.encoding.CDRInputStream_1_0.read_value(CDRInputStream_1_0.java:1097)
	at com.sun.corba.ee.impl.encoding.CDRInputStream_1_0.read_value(CDRInputStream_1_0.java:935)
	at com.sun.corba.ee.impl.encoding.CDRInputObject.read_value(CDRInputObject.java:525)
	at com.sun.corba.ee.impl.corba.TCUtility.unmarshalIn(TCUtility.java:289)
	at com.sun.corba.ee.impl.corba.AnyImpl.read_value(AnyImpl.java:605)
	at com.sun.corba.ee.impl.encoding.CDRInputStream_1_0.read_any(CDRInputStream_1_0.java:775)
	at com.sun.corba.ee.impl.encoding.CDRInputObject.read_any(CDRInputObject.java:482)
	at com.sun.corba.ee.impl.javax.rmi.CORBA.Util.readAny(Util.java:452)
	at com.sun.corba.ee.impl.io.ValueHandlerImpl.read_Array(ValueHandlerImpl.java:639)
	at com.sun.corba.ee.impl.io.ValueHandlerImpl.readValueInternal(ValueHandlerImpl.java:305)
	at com.sun.corba.ee.impl.io.ValueHandlerImpl.readValue(ValueHandlerImpl.java:274)
	at com.sun.corba.ee.impl.encoding.CDRInputStream_1_0.readRMIIIOPValueType(CDRInputStream_1_0.java:1015)
	... 87 more
testAuthenticateApplication_RegistrationClosed(com.bac.accountserviceapp.data.mysql.MysqlAccountServiceAppAuthenticateAppTest)  Time elapsed: 0.002 sec  <<< ERROR!
org.springframework.beans.factory.BeanCreationException: Error creating bean with name 'dataSource': Invocation of init method failed; nested exception is javax.naming.CommunicationException: Communication exception for SerialContext[myEnv={java.naming.factory.state=com.sun.corba.ee.impl.presentation.rmi.JNDIStateFactoryImpl, java.naming.factory.url.pkgs=com.sun.enterprise.naming, java.naming.factory.initial=com.sun.enterprise.naming.SerialInitContextFactory} [Root exception is java.rmi.MarshalException: CORBA MARSHAL 1330446347 Maybe; nested exception is: 
	org.omg.CORBA.MARSHAL: WARNING: IOP00810011: Exception from readValue on ValueHandler in CDRInputStream  vmcid: OMG  minor code: 11 completed: Maybe]
	at org.springframework.beans.factory.support.AbstractAutowireCapableBeanFactory.initializeBean(AbstractAutowireCapableBeanFactory.java:1482)
	at org.springframework.beans.factory.support.AbstractAutowireCapableBeanFactory.doCreateBean(AbstractAutowireCapableBeanFactory.java:521)
	at org.springframework.beans.factory.support.AbstractAutowireCapableBeanFactory.createBean(AbstractAutowireCapableBeanFactory.java:458)
	at org.springframework.beans.factory.support.AbstractBeanFactory$1.getObject(AbstractBeanFactory.java:295)
	at org.springframework.beans.factory.support.DefaultSingletonBeanRegistry.getSingleton(DefaultSingletonBeanRegistry.java:223)
	at org.springframework.beans.factory.support.AbstractBeanFactory.doGetBean(AbstractBeanFactory.java:292)
	at org.springframework.beans.factory.support.AbstractBeanFactory.getBean(AbstractBeanFactory.java:194)
	at org.springframework.beans.factory.support.DefaultListableBeanFactory.preInstantiateSingletons(DefaultListableBeanFactory.java:608)
	at org.springframework.context.support.AbstractApplicationContext.finishBeanFactoryInitialization(AbstractApplicationContext.java:932)
	at org.springframework.context.support.AbstractApplicationContext.refresh(AbstractApplicationContext.java:479)
	at org.springframework.context.support.ClassPathXmlApplicationContext.<init>(ClassPathXmlApplicationContext.java:139)
	at org.springframework.context.support.ClassPathXmlApplicationContext.<init>(ClassPathXmlApplicationContext.java:83)
	at com.bac.accountserviceapp.data.mysql.MysqlAccountServiceAppAuthenticateAppTest.<init>(MysqlAccountServiceAppAuthenticateAppTest.java:64)
	at sun.reflect.NativeConstructorAccessorImpl.newInstance0(Native Method)
	at sun.reflect.NativeConstructorAccessorImpl.newInstance(NativeConstructorAccessorImpl.java:57)
	at sun.reflect.DelegatingConstructorAccessorImpl.newInstance(DelegatingConstructorAccessorImpl.java:45)
	at java.lang.reflect.Constructor.newInstance(Constructor.java:526)
	at org.junit.runners.BlockJUnit4ClassRunner.createTest(BlockJUnit4ClassRunner.java:187)
	at org.junit.runners.BlockJUnit4ClassRunner$1.runReflectiveCall(BlockJUnit4ClassRunner.java:236)
	at org.junit.internal.runners.model.ReflectiveCallable.run(ReflectiveCallable.java:15)
	at org.junit.runners.BlockJUnit4ClassRunner.methodBlock(BlockJUnit4ClassRunner.java:233)
	at org.junit.runners.BlockJUnit4ClassRunner.runChild(BlockJUnit4ClassRunner.java:68)
	at org.junit.runners.BlockJUnit4ClassRunner.runChild(BlockJUnit4ClassRunner.java:47)
	at org.junit.runners.ParentRunner$3.run(ParentRunner.java:231)
	at org.junit.runners.ParentRunner$1.schedule(ParentRunner.java:60)
	at org.junit.runners.ParentRunner.runChildren(ParentRunner.java:229)
	at org.junit.runners.ParentRunner.access$000(ParentRunner.java:50)
	at org.junit.runners.ParentRunner$2.evaluate(ParentRunner.java:222)
	at org.junit.internal.runners.statements.RunBefores.evaluate(RunBefores.java:28)
	at org.junit.internal.runners.statements.RunAfters.evaluate(RunAfters.java:30)
	at org.junit.runners.ParentRunner.run(ParentRunner.java:300)
	at org.apache.maven.surefire.junit4.JUnit4TestSet.execute(JUnit4TestSet.java:53)
	at org.apache.maven.surefire.junit4.JUnit4Provider.executeTestSet(JUnit4Provider.java:123)
	at org.apache.maven.surefire.junit4.JUnit4Provider.invoke(JUnit4Provider.java:104)
	at sun.reflect.NativeMethodAccessorImpl.invoke0(Native Method)
	at sun.reflect.NativeMethodAccessorImpl.invoke(NativeMethodAccessorImpl.java:57)
	at sun.reflect.DelegatingMethodAccessorImpl.invoke(DelegatingMethodAccessorImpl.java:43)
	at java.lang.reflect.Method.invoke(Method.java:606)
	at org.apache.maven.surefire.util.ReflectionUtils.invokeMethodWithArray(ReflectionUtils.java:164)
	at org.apache.maven.surefire.booter.ProviderFactory$ProviderProxy.invoke(ProviderFactory.java:110)
	at org.apache.maven.surefire.booter.SurefireStarter.invokeProvider(SurefireStarter.java:175)
	at org.apache.maven.surefire.booter.SurefireStarter.runSuitesInProcessWhenForked(SurefireStarter.java:107)
	at org.apache.maven.surefire.booter.ForkedBooter.main(ForkedBooter.java:68)
Caused by: javax.naming.CommunicationException: Communication exception for SerialContext[myEnv={java.naming.factory.state=com.sun.corba.ee.impl.presentation.rmi.JNDIStateFactoryImpl, java.naming.factory.url.pkgs=com.sun.enterprise.naming, java.naming.factory.initial=com.sun.enterprise.naming.SerialInitContextFactory} [Root exception is java.rmi.MarshalException: CORBA MARSHAL 1330446347 Maybe; nested exception is: 
	org.omg.CORBA.MARSHAL: WARNING: IOP00810011: Exception from readValue on ValueHandler in CDRInputStream  vmcid: OMG  minor code: 11 completed: Maybe]
	at com.sun.enterprise.naming.impl.SerialContext.lookup(SerialContext.java:542)
	at com.sun.enterprise.naming.impl.SerialContext.lookup(SerialContext.java:455)
	at javax.naming.InitialContext.lookup(InitialContext.java:411)
	at org.springframework.jndi.JndiTemplate$1.doInContext(JndiTemplate.java:154)
	at org.springframework.jndi.JndiTemplate.execute(JndiTemplate.java:87)
	at org.springframework.jndi.JndiTemplate.lookup(JndiTemplate.java:152)
	at org.springframework.jndi.JndiTemplate.lookup(JndiTemplate.java:178)
	at org.springframework.jndi.JndiLocatorSupport.lookup(JndiLocatorSupport.java:104)
	at org.springframework.jndi.JndiObjectLocator.lookup(JndiObjectLocator.java:105)
	at org.springframework.jndi.JndiObjectFactoryBean.lookupWithFallback(JndiObjectFactoryBean.java:201)
	at org.springframework.jndi.JndiObjectFactoryBean.afterPropertiesSet(JndiObjectFactoryBean.java:187)
	at org.springframework.beans.factory.support.AbstractAutowireCapableBeanFactory.invokeInitMethods(AbstractAutowireCapableBeanFactory.java:1541)
	at org.springframework.beans.factory.support.AbstractAutowireCapableBeanFactory.initializeBean(AbstractAutowireCapableBeanFactory.java:1479)
	... 42 more
Caused by: java.rmi.MarshalException: CORBA MARSHAL 1330446347 Maybe; nested exception is: 
	org.omg.CORBA.MARSHAL: WARNING: IOP00810011: Exception from readValue on ValueHandler in CDRInputStream  vmcid: OMG  minor code: 11 completed: Maybe
	at com.sun.corba.ee.impl.javax.rmi.CORBA.Util.mapSystemException(Util.java:267)
	at com.sun.corba.ee.impl.presentation.rmi.StubInvocationHandlerImpl.privateInvoke(StubInvocationHandlerImpl.java:213)
	at com.sun.corba.ee.impl.presentation.rmi.StubInvocationHandlerImpl.invoke(StubInvocationHandlerImpl.java:152)
	at com.sun.corba.ee.impl.presentation.rmi.codegen.CodegenStubBase.invoke(CodegenStubBase.java:227)
	at com.sun.enterprise.naming.impl._SerialContextProvider_DynamicStub.lookup(com/sun/enterprise/naming/impl/_SerialContextProvider_DynamicStub.java)
	at com.sun.enterprise.naming.impl.SerialContext.lookup(SerialContext.java:505)
	... 54 more
Caused by: org.omg.CORBA.MARSHAL: WARNING: IOP00810011: Exception from readValue on ValueHandler in CDRInputStream  vmcid: OMG  minor code: 11 completed: Maybe
	at sun.reflect.GeneratedConstructorAccessor40.newInstance(Unknown Source)
	at sun.reflect.DelegatingConstructorAccessorImpl.newInstance(DelegatingConstructorAccessorImpl.java:45)
	at java.lang.reflect.Constructor.newInstance(Constructor.java:526)
	at com.sun.corba.ee.spi.orbutil.logex.corba.CorbaExtension.makeException(CorbaExtension.java:248)
	at com.sun.corba.ee.spi.orbutil.logex.corba.CorbaExtension.makeException(CorbaExtension.java:95)
	at com.sun.corba.ee.spi.orbutil.logex.WrapperGenerator.handleFullLogging(WrapperGenerator.java:387)
	at com.sun.corba.ee.spi.orbutil.logex.WrapperGenerator.access$400(WrapperGenerator.java:107)
	at com.sun.corba.ee.spi.orbutil.logex.WrapperGenerator$2.invoke(WrapperGenerator.java:511)
	at com.sun.corba.ee.spi.orbutil.proxy.CompositeInvocationHandlerImpl.invoke(CompositeInvocationHandlerImpl.java:99)
	at com.sun.proxy.$Proxy31.valuehandlerReadException(Unknown Source)
	at com.sun.corba.ee.impl.encoding.CDRInputStream_1_0.readRMIIIOPValueType(CDRInputStream_1_0.java:1022)
	at com.sun.corba.ee.impl.encoding.CDRInputStream_1_0.read_value(CDRInputStream_1_0.java:1123)
	at com.sun.corba.ee.impl.encoding.CDRInputObject.read_value(CDRInputObject.java:531)
	at com.sun.corba.ee.impl.io.IIOPInputStream.inputObjectField(IIOPInputStream.java:2162)
	at com.sun.corba.ee.impl.io.IIOPInputStream.inputClassFields(IIOPInputStream.java:2404)
	at com.sun.corba.ee.impl.io.IIOPInputStream.inputObject(IIOPInputStream.java:1224)
	at com.sun.corba.ee.impl.io.IIOPInputStream.simpleReadObject(IIOPInputStream.java:425)
	at com.sun.corba.ee.impl.io.ValueHandlerImpl.readValueInternal(ValueHandlerImpl.java:308)
	at com.sun.corba.ee.impl.io.ValueHandlerImpl.readValue(ValueHandlerImpl.java:274)
	at com.sun.corba.ee.impl.encoding.CDRInputStream_1_0.readRMIIIOPValueType(CDRInputStream_1_0.java:1015)
	at com.sun.corba.ee.impl.encoding.CDRInputStream_1_0.read_value(CDRInputStream_1_0.java:1123)
	at com.sun.corba.ee.impl.encoding.CDRInputObject.read_value(CDRInputObject.java:531)
	at com.sun.corba.ee.impl.io.IIOPInputStream.inputObjectField(IIOPInputStream.java:2162)
	at com.sun.corba.ee.impl.io.IIOPInputStream.inputClassFields(IIOPInputStream.java:2404)
	at com.sun.corba.ee.impl.io.IIOPInputStream.inputObject(IIOPInputStream.java:1224)
	at com.sun.corba.ee.impl.io.IIOPInputStream.simpleReadObject(IIOPInputStream.java:425)
	at com.sun.corba.ee.impl.io.ValueHandlerImpl.readValueInternal(ValueHandlerImpl.java:308)
	at com.sun.corba.ee.impl.io.ValueHandlerImpl.readValue(ValueHandlerImpl.java:274)
	at com.sun.corba.ee.impl.encoding.CDRInputStream_1_0.readRMIIIOPValueType(CDRInputStream_1_0.java:1015)
	at com.sun.corba.ee.impl.encoding.CDRInputStream_1_0.read_value(CDRInputStream_1_0.java:1123)
	at com.sun.corba.ee.impl.encoding.CDRInputStream_1_0.read_value(CDRInputStream_1_0.java:935)
	at com.sun.corba.ee.impl.encoding.CDRInputObject.read_value(CDRInputObject.java:525)
	at com.sun.corba.ee.impl.corba.TCUtility.unmarshalIn(TCUtility.java:289)
	at com.sun.corba.ee.impl.corba.AnyImpl.read_value(AnyImpl.java:605)
	at com.sun.corba.ee.impl.encoding.CDRInputStream_1_0.read_any(CDRInputStream_1_0.java:775)
	at com.sun.corba.ee.impl.encoding.CDRInputObject.read_any(CDRInputObject.java:482)
	at com.sun.corba.ee.impl.javax.rmi.CORBA.Util.readAny(Util.java:452)
	at com.sun.corba.ee.impl.presentation.rmi.DynamicMethodMarshallerImpl$10.read(DynamicMethodMarshallerImpl.java:299)
	at com.sun.corba.ee.impl.presentation.rmi.DynamicMethodMarshallerImpl.readResult(DynamicMethodMarshallerImpl.java:483)
	at com.sun.corba.ee.impl.presentation.rmi.StubInvocationHandlerImpl.privateInvoke(StubInvocationHandlerImpl.java:203)
	... 58 more
Caused by: java.lang.NullPointerException
	at com.sun.corba.ee.impl.orbutil.ClassInfoCache$ClassInfo.<init>(ClassInfoCache.java:156)
	at com.sun.corba.ee.impl.orbutil.ClassInfoCache.get(ClassInfoCache.java:281)
	at com.sun.corba.ee.impl.encoding.CDRInputStream_1_0.read_value(CDRInputStream_1_0.java:1097)
	at com.sun.corba.ee.impl.encoding.CDRInputStream_1_0.read_value(CDRInputStream_1_0.java:935)
	at com.sun.corba.ee.impl.encoding.CDRInputObject.read_value(CDRInputObject.java:525)
	at com.sun.corba.ee.impl.corba.TCUtility.unmarshalIn(TCUtility.java:289)
	at com.sun.corba.ee.impl.corba.AnyImpl.read_value(AnyImpl.java:605)
	at com.sun.corba.ee.impl.encoding.CDRInputStream_1_0.read_any(CDRInputStream_1_0.java:775)
	at com.sun.corba.ee.impl.encoding.CDRInputObject.read_any(CDRInputObject.java:482)
	at com.sun.corba.ee.impl.javax.rmi.CORBA.Util.readAny(Util.java:452)
	at com.sun.corba.ee.impl.io.ValueHandlerImpl.read_Array(ValueHandlerImpl.java:639)
	at com.sun.corba.ee.impl.io.ValueHandlerImpl.readValueInternal(ValueHandlerImpl.java:305)
	at com.sun.corba.ee.impl.io.ValueHandlerImpl.readValue(ValueHandlerImpl.java:274)
	at com.sun.corba.ee.impl.encoding.CDRInputStream_1_0.readRMIIIOPValueType(CDRInputStream_1_0.java:1015)
	... 87 more
testAuthenticateApplication_DisabledAndRegistrationClosed(com.bac.accountserviceapp.data.mysql.MysqlAccountServiceAppAuthenticateAppTest)  Time elapsed: 0.001 sec  <<< ERROR!
org.springframework.beans.factory.BeanCreationException: Error creating bean with name 'dataSource': Invocation of init method failed; nested exception is javax.naming.CommunicationException: Communication exception for SerialContext[myEnv={java.naming.factory.state=com.sun.corba.ee.impl.presentation.rmi.JNDIStateFactoryImpl, java.naming.factory.url.pkgs=com.sun.enterprise.naming, java.naming.factory.initial=com.sun.enterprise.naming.SerialInitContextFactory} [Root exception is java.rmi.MarshalException: CORBA MARSHAL 1330446347 Maybe; nested exception is: 
	org.omg.CORBA.MARSHAL: WARNING: IOP00810011: Exception from readValue on ValueHandler in CDRInputStream  vmcid: OMG  minor code: 11 completed: Maybe]
	at org.springframework.beans.factory.support.AbstractAutowireCapableBeanFactory.initializeBean(AbstractAutowireCapableBeanFactory.java:1482)
	at org.springframework.beans.factory.support.AbstractAutowireCapableBeanFactory.doCreateBean(AbstractAutowireCapableBeanFactory.java:521)
	at org.springframework.beans.factory.support.AbstractAutowireCapableBeanFactory.createBean(AbstractAutowireCapableBeanFactory.java:458)
	at org.springframework.beans.factory.support.AbstractBeanFactory$1.getObject(AbstractBeanFactory.java:295)
	at org.springframework.beans.factory.support.DefaultSingletonBeanRegistry.getSingleton(DefaultSingletonBeanRegistry.java:223)
	at org.springframework.beans.factory.support.AbstractBeanFactory.doGetBean(AbstractBeanFactory.java:292)
	at org.springframework.beans.factory.support.AbstractBeanFactory.getBean(AbstractBeanFactory.java:194)
	at org.springframework.beans.factory.support.DefaultListableBeanFactory.preInstantiateSingletons(DefaultListableBeanFactory.java:608)
	at org.springframework.context.support.AbstractApplicationContext.finishBeanFactoryInitialization(AbstractApplicationContext.java:932)
	at org.springframework.context.support.AbstractApplicationContext.refresh(AbstractApplicationContext.java:479)
	at org.springframework.context.support.ClassPathXmlApplicationContext.<init>(ClassPathXmlApplicationContext.java:139)
	at org.springframework.context.support.ClassPathXmlApplicationContext.<init>(ClassPathXmlApplicationContext.java:83)
	at com.bac.accountserviceapp.data.mysql.MysqlAccountServiceAppAuthenticateAppTest.<init>(MysqlAccountServiceAppAuthenticateAppTest.java:64)
	at sun.reflect.NativeConstructorAccessorImpl.newInstance0(Native Method)
	at sun.reflect.NativeConstructorAccessorImpl.newInstance(NativeConstructorAccessorImpl.java:57)
	at sun.reflect.DelegatingConstructorAccessorImpl.newInstance(DelegatingConstructorAccessorImpl.java:45)
	at java.lang.reflect.Constructor.newInstance(Constructor.java:526)
	at org.junit.runners.BlockJUnit4ClassRunner.createTest(BlockJUnit4ClassRunner.java:187)
	at org.junit.runners.BlockJUnit4ClassRunner$1.runReflectiveCall(BlockJUnit4ClassRunner.java:236)
	at org.junit.internal.runners.model.ReflectiveCallable.run(ReflectiveCallable.java:15)
	at org.junit.runners.BlockJUnit4ClassRunner.methodBlock(BlockJUnit4ClassRunner.java:233)
	at org.junit.runners.BlockJUnit4ClassRunner.runChild(BlockJUnit4ClassRunner.java:68)
	at org.junit.runners.BlockJUnit4ClassRunner.runChild(BlockJUnit4ClassRunner.java:47)
	at org.junit.runners.ParentRunner$3.run(ParentRunner.java:231)
	at org.junit.runners.ParentRunner$1.schedule(ParentRunner.java:60)
	at org.junit.runners.ParentRunner.runChildren(ParentRunner.java:229)
	at org.junit.runners.ParentRunner.access$000(ParentRunner.java:50)
	at org.junit.runners.ParentRunner$2.evaluate(ParentRunner.java:222)
	at org.junit.internal.runners.statements.RunBefores.evaluate(RunBefores.java:28)
	at org.junit.internal.runners.statements.RunAfters.evaluate(RunAfters.java:30)
	at org.junit.runners.ParentRunner.run(ParentRunner.java:300)
	at org.apache.maven.surefire.junit4.JUnit4TestSet.execute(JUnit4TestSet.java:53)
	at org.apache.maven.surefire.junit4.JUnit4Provider.executeTestSet(JUnit4Provider.java:123)
	at org.apache.maven.surefire.junit4.JUnit4Provider.invoke(JUnit4Provider.java:104)
	at sun.reflect.NativeMethodAccessorImpl.invoke0(Native Method)
	at sun.reflect.NativeMethodAccessorImpl.invoke(NativeMethodAccessorImpl.java:57)
	at sun.reflect.DelegatingMethodAccessorImpl.invoke(DelegatingMethodAccessorImpl.java:43)
	at java.lang.reflect.Method.invoke(Method.java:606)
	at org.apache.maven.surefire.util.ReflectionUtils.invokeMethodWithArray(ReflectionUtils.java:164)
	at org.apache.maven.surefire.booter.ProviderFactory$ProviderProxy.invoke(ProviderFactory.java:110)
	at org.apache.maven.surefire.booter.SurefireStarter.invokeProvider(SurefireStarter.java:175)
	at org.apache.maven.surefire.booter.SurefireStarter.runSuitesInProcessWhenForked(SurefireStarter.java:107)
	at org.apache.maven.surefire.booter.ForkedBooter.main(ForkedBooter.java:68)
Caused by: javax.naming.CommunicationException: Communication exception for SerialContext[myEnv={java.naming.factory.state=com.sun.corba.ee.impl.presentation.rmi.JNDIStateFactoryImpl, java.naming.factory.url.pkgs=com.sun.enterprise.naming, java.naming.factory.initial=com.sun.enterprise.naming.SerialInitContextFactory} [Root exception is java.rmi.MarshalException: CORBA MARSHAL 1330446347 Maybe; nested exception is: 
	org.omg.CORBA.MARSHAL: WARNING: IOP00810011: Exception from readValue on ValueHandler in CDRInputStream  vmcid: OMG  minor code: 11 completed: Maybe]
	at com.sun.enterprise.naming.impl.SerialContext.lookup(SerialContext.java:542)
	at com.sun.enterprise.naming.impl.SerialContext.lookup(SerialContext.java:455)
	at javax.naming.InitialContext.lookup(InitialContext.java:411)
	at org.springframework.jndi.JndiTemplate$1.doInContext(JndiTemplate.java:154)
	at org.springframework.jndi.JndiTemplate.execute(JndiTemplate.java:87)
	at org.springframework.jndi.JndiTemplate.lookup(JndiTemplate.java:152)
	at org.springframework.jndi.JndiTemplate.lookup(JndiTemplate.java:178)
	at org.springframework.jndi.JndiLocatorSupport.lookup(JndiLocatorSupport.java:104)
	at org.springframework.jndi.JndiObjectLocator.lookup(JndiObjectLocator.java:105)
	at org.springframework.jndi.JndiObjectFactoryBean.lookupWithFallback(JndiObjectFactoryBean.java:201)
	at org.springframework.jndi.JndiObjectFactoryBean.afterPropertiesSet(JndiObjectFactoryBean.java:187)
	at org.springframework.beans.factory.support.AbstractAutowireCapableBeanFactory.invokeInitMethods(AbstractAutowireCapableBeanFactory.java:1541)
	at org.springframework.beans.factory.support.AbstractAutowireCapableBeanFactory.initializeBean(AbstractAutowireCapableBeanFactory.java:1479)
	... 42 more
Caused by: java.rmi.MarshalException: CORBA MARSHAL 1330446347 Maybe; nested exception is: 
	org.omg.CORBA.MARSHAL: WARNING: IOP00810011: Exception from readValue on ValueHandler in CDRInputStream  vmcid: OMG  minor code: 11 completed: Maybe
	at com.sun.corba.ee.impl.javax.rmi.CORBA.Util.mapSystemException(Util.java:267)
	at com.sun.corba.ee.impl.presentation.rmi.StubInvocationHandlerImpl.privateInvoke(StubInvocationHandlerImpl.java:213)
	at com.sun.corba.ee.impl.presentation.rmi.StubInvocationHandlerImpl.invoke(StubInvocationHandlerImpl.java:152)
	at com.sun.corba.ee.impl.presentation.rmi.codegen.CodegenStubBase.invoke(CodegenStubBase.java:227)
	at com.sun.enterprise.naming.impl._SerialContextProvider_DynamicStub.lookup(com/sun/enterprise/naming/impl/_SerialContextProvider_DynamicStub.java)
	at com.sun.enterprise.naming.impl.SerialContext.lookup(SerialContext.java:505)
	... 54 more
Caused by: org.omg.CORBA.MARSHAL: WARNING: IOP00810011: Exception from readValue on ValueHandler in CDRInputStream  vmcid: OMG  minor code: 11 completed: Maybe
	at sun.reflect.GeneratedConstructorAccessor40.newInstance(Unknown Source)
	at sun.reflect.DelegatingConstructorAccessorImpl.newInstance(DelegatingConstructorAccessorImpl.java:45)
	at java.lang.reflect.Constructor.newInstance(Constructor.java:526)
	at com.sun.corba.ee.spi.orbutil.logex.corba.CorbaExtension.makeException(CorbaExtension.java:248)
	at com.sun.corba.ee.spi.orbutil.logex.corba.CorbaExtension.makeException(CorbaExtension.java:95)
	at com.sun.corba.ee.spi.orbutil.logex.WrapperGenerator.handleFullLogging(WrapperGenerator.java:387)
	at com.sun.corba.ee.spi.orbutil.logex.WrapperGenerator.access$400(WrapperGenerator.java:107)
	at com.sun.corba.ee.spi.orbutil.logex.WrapperGenerator$2.invoke(WrapperGenerator.java:511)
	at com.sun.corba.ee.spi.orbutil.proxy.CompositeInvocationHandlerImpl.invoke(CompositeInvocationHandlerImpl.java:99)
	at com.sun.proxy.$Proxy31.valuehandlerReadException(Unknown Source)
	at com.sun.corba.ee.impl.encoding.CDRInputStream_1_0.readRMIIIOPValueType(CDRInputStream_1_0.java:1022)
	at com.sun.corba.ee.impl.encoding.CDRInputStream_1_0.read_value(CDRInputStream_1_0.java:1123)
	at com.sun.corba.ee.impl.encoding.CDRInputObject.read_value(CDRInputObject.java:531)
	at com.sun.corba.ee.impl.io.IIOPInputStream.inputObjectField(IIOPInputStream.java:2162)
	at com.sun.corba.ee.impl.io.IIOPInputStream.inputClassFields(IIOPInputStream.java:2404)
	at com.sun.corba.ee.impl.io.IIOPInputStream.inputObject(IIOPInputStream.java:1224)
	at com.sun.corba.ee.impl.io.IIOPInputStream.simpleReadObject(IIOPInputStream.java:425)
	at com.sun.corba.ee.impl.io.ValueHandlerImpl.readValueInternal(ValueHandlerImpl.java:308)
	at com.sun.corba.ee.impl.io.ValueHandlerImpl.readValue(ValueHandlerImpl.java:274)
	at com.sun.corba.ee.impl.encoding.CDRInputStream_1_0.readRMIIIOPValueType(CDRInputStream_1_0.java:1015)
	at com.sun.corba.ee.impl.encoding.CDRInputStream_1_0.read_value(CDRInputStream_1_0.java:1123)
	at com.sun.corba.ee.impl.encoding.CDRInputObject.read_value(CDRInputObject.java:531)
	at com.sun.corba.ee.impl.io.IIOPInputStream.inputObjectField(IIOPInputStream.java:2162)
	at com.sun.corba.ee.impl.io.IIOPInputStream.inputClassFields(IIOPInputStream.java:2404)
	at com.sun.corba.ee.impl.io.IIOPInputStream.inputObject(IIOPInputStream.java:1224)
	at com.sun.corba.ee.impl.io.IIOPInputStream.simpleReadObject(IIOPInputStream.java:425)
	at com.sun.corba.ee.impl.io.ValueHandlerImpl.readValueInternal(ValueHandlerImpl.java:308)
	at com.sun.corba.ee.impl.io.ValueHandlerImpl.readValue(ValueHandlerImpl.java:274)
	at com.sun.corba.ee.impl.encoding.CDRInputStream_1_0.readRMIIIOPValueType(CDRInputStream_1_0.java:1015)
	at com.sun.corba.ee.impl.encoding.CDRInputStream_1_0.read_value(CDRInputStream_1_0.java:1123)
	at com.sun.corba.ee.impl.encoding.CDRInputStream_1_0.read_value(CDRInputStream_1_0.java:935)
	at com.sun.corba.ee.impl.encoding.CDRInputObject.read_value(CDRInputObject.java:525)
	at com.sun.corba.ee.impl.corba.TCUtility.unmarshalIn(TCUtility.java:289)
	at com.sun.corba.ee.impl.corba.AnyImpl.read_value(AnyImpl.java:605)
	at com.sun.corba.ee.impl.encoding.CDRInputStream_1_0.read_any(CDRInputStream_1_0.java:775)
	at com.sun.corba.ee.impl.encoding.CDRInputObject.read_any(CDRInputObject.java:482)
	at com.sun.corba.ee.impl.javax.rmi.CORBA.Util.readAny(Util.java:452)
	at com.sun.corba.ee.impl.presentation.rmi.DynamicMethodMarshallerImpl$10.read(DynamicMethodMarshallerImpl.java:299)
	at com.sun.corba.ee.impl.presentation.rmi.DynamicMethodMarshallerImpl.readResult(DynamicMethodMarshallerImpl.java:483)
	at com.sun.corba.ee.impl.presentation.rmi.StubInvocationHandlerImpl.privateInvoke(StubInvocationHandlerImpl.java:203)
	... 58 more
Caused by: java.lang.NullPointerException
	at com.sun.corba.ee.impl.orbutil.ClassInfoCache$ClassInfo.<init>(ClassInfoCache.java:156)
	at com.sun.corba.ee.impl.orbutil.ClassInfoCache.get(ClassInfoCache.java:281)
	at com.sun.corba.ee.impl.encoding.CDRInputStream_1_0.read_value(CDRInputStream_1_0.java:1097)
	at com.sun.corba.ee.impl.encoding.CDRInputStream_1_0.read_value(CDRInputStream_1_0.java:935)
	at com.sun.corba.ee.impl.encoding.CDRInputObject.read_value(CDRInputObject.java:525)
	at com.sun.corba.ee.impl.corba.TCUtility.unmarshalIn(TCUtility.java:289)
	at com.sun.corba.ee.impl.corba.AnyImpl.read_value(AnyImpl.java:605)
	at com.sun.corba.ee.impl.encoding.CDRInputStream_1_0.read_any(CDRInputStream_1_0.java:775)
	at com.sun.corba.ee.impl.encoding.CDRInputObject.read_any(CDRInputObject.java:482)
	at com.sun.corba.ee.impl.javax.rmi.CORBA.Util.readAny(Util.java:452)
	at com.sun.corba.ee.impl.io.ValueHandlerImpl.read_Array(ValueHandlerImpl.java:639)
	at com.sun.corba.ee.impl.io.ValueHandlerImpl.readValueInternal(ValueHandlerImpl.java:305)
	at com.sun.corba.ee.impl.io.ValueHandlerImpl.readValue(ValueHandlerImpl.java:274)
	at com.sun.corba.ee.impl.encoding.CDRInputStream_1_0.readRMIIIOPValueType(CDRInputStream_1_0.java:1015)
	... 87 more
testAuthenticateApplication_NoApp(com.bac.accountserviceapp.data.mysql.MysqlAccountServiceAppAuthenticateAppTest)  Time elapsed: 0.005 sec  <<< ERROR!
org.springframework.beans.factory.BeanCreationException: Error creating bean with name 'dataSource': Invocation of init method failed; nested exception is javax.naming.CommunicationException: Communication exception for SerialContext[myEnv={java.naming.factory.state=com.sun.corba.ee.impl.presentation.rmi.JNDIStateFactoryImpl, java.naming.factory.url.pkgs=com.sun.enterprise.naming, java.naming.factory.initial=com.sun.enterprise.naming.SerialInitContextFactory} [Root exception is java.rmi.MarshalException: CORBA MARSHAL 1330446347 Maybe; nested exception is: 
	org.omg.CORBA.MARSHAL: WARNING: IOP00810011: Exception from readValue on ValueHandler in CDRInputStream  vmcid: OMG  minor code: 11 completed: Maybe]
	at org.springframework.beans.factory.support.AbstractAutowireCapableBeanFactory.initializeBean(AbstractAutowireCapableBeanFactory.java:1482)
	at org.springframework.beans.factory.support.AbstractAutowireCapableBeanFactory.doCreateBean(AbstractAutowireCapableBeanFactory.java:521)
	at org.springframework.beans.factory.support.AbstractAutowireCapableBeanFactory.createBean(AbstractAutowireCapableBeanFactory.java:458)
	at org.springframework.beans.factory.support.AbstractBeanFactory$1.getObject(AbstractBeanFactory.java:295)
	at org.springframework.beans.factory.support.DefaultSingletonBeanRegistry.getSingleton(DefaultSingletonBeanRegistry.java:223)
	at org.springframework.beans.factory.support.AbstractBeanFactory.doGetBean(AbstractBeanFactory.java:292)
	at org.springframework.beans.factory.support.AbstractBeanFactory.getBean(AbstractBeanFactory.java:194)
	at org.springframework.beans.factory.support.DefaultListableBeanFactory.preInstantiateSingletons(DefaultListableBeanFactory.java:608)
	at org.springframework.context.support.AbstractApplicationContext.finishBeanFactoryInitialization(AbstractApplicationContext.java:932)
	at org.springframework.context.support.AbstractApplicationContext.refresh(AbstractApplicationContext.java:479)
	at org.springframework.context.support.ClassPathXmlApplicationContext.<init>(ClassPathXmlApplicationContext.java:139)
	at org.springframework.context.support.ClassPathXmlApplicationContext.<init>(ClassPathXmlApplicationContext.java:83)
	at com.bac.accountserviceapp.data.mysql.MysqlAccountServiceAppAuthenticateAppTest.<init>(MysqlAccountServiceAppAuthenticateAppTest.java:64)
	at sun.reflect.NativeConstructorAccessorImpl.newInstance0(Native Method)
	at sun.reflect.NativeConstructorAccessorImpl.newInstance(NativeConstructorAccessorImpl.java:57)
	at sun.reflect.DelegatingConstructorAccessorImpl.newInstance(DelegatingConstructorAccessorImpl.java:45)
	at java.lang.reflect.Constructor.newInstance(Constructor.java:526)
	at org.junit.runners.BlockJUnit4ClassRunner.createTest(BlockJUnit4ClassRunner.java:187)
	at org.junit.runners.BlockJUnit4ClassRunner$1.runReflectiveCall(BlockJUnit4ClassRunner.java:236)
	at org.junit.internal.runners.model.ReflectiveCallable.run(ReflectiveCallable.java:15)
	at org.junit.runners.BlockJUnit4ClassRunner.methodBlock(BlockJUnit4ClassRunner.java:233)
	at org.junit.runners.BlockJUnit4ClassRunner.runChild(BlockJUnit4ClassRunner.java:68)
	at org.junit.runners.BlockJUnit4ClassRunner.runChild(BlockJUnit4ClassRunner.java:47)
	at org.junit.runners.ParentRunner$3.run(ParentRunner.java:231)
	at org.junit.runners.ParentRunner$1.schedule(ParentRunner.java:60)
	at org.junit.runners.ParentRunner.runChildren(ParentRunner.java:229)
	at org.junit.runners.ParentRunner.access$000(ParentRunner.java:50)
	at org.junit.runners.ParentRunner$2.evaluate(ParentRunner.java:222)
	at org.junit.internal.runners.statements.RunBefores.evaluate(RunBefores.java:28)
	at org.junit.internal.runners.statements.RunAfters.evaluate(RunAfters.java:30)
	at org.junit.runners.ParentRunner.run(ParentRunner.java:300)
	at org.apache.maven.surefire.junit4.JUnit4TestSet.execute(JUnit4TestSet.java:53)
	at org.apache.maven.surefire.junit4.JUnit4Provider.executeTestSet(JUnit4Provider.java:123)
	at org.apache.maven.surefire.junit4.JUnit4Provider.invoke(JUnit4Provider.java:104)
	at sun.reflect.NativeMethodAccessorImpl.invoke0(Native Method)
	at sun.reflect.NativeMethodAccessorImpl.invoke(NativeMethodAccessorImpl.java:57)
	at sun.reflect.DelegatingMethodAccessorImpl.invoke(DelegatingMethodAccessorImpl.java:43)
	at java.lang.reflect.Method.invoke(Method.java:606)
	at org.apache.maven.surefire.util.ReflectionUtils.invokeMethodWithArray(ReflectionUtils.java:164)
	at org.apache.maven.surefire.booter.ProviderFactory$ProviderProxy.invoke(ProviderFactory.java:110)
	at org.apache.maven.surefire.booter.SurefireStarter.invokeProvider(SurefireStarter.java:175)
	at org.apache.maven.surefire.booter.SurefireStarter.runSuitesInProcessWhenForked(SurefireStarter.java:107)
	at org.apache.maven.surefire.booter.ForkedBooter.main(ForkedBooter.java:68)
Caused by: javax.naming.CommunicationException: Communication exception for SerialContext[myEnv={java.naming.factory.state=com.sun.corba.ee.impl.presentation.rmi.JNDIStateFactoryImpl, java.naming.factory.url.pkgs=com.sun.enterprise.naming, java.naming.factory.initial=com.sun.enterprise.naming.SerialInitContextFactory} [Root exception is java.rmi.MarshalException: CORBA MARSHAL 1330446347 Maybe; nested exception is: 
	org.omg.CORBA.MARSHAL: WARNING: IOP00810011: Exception from readValue on ValueHandler in CDRInputStream  vmcid: OMG  minor code: 11 completed: Maybe]
	at com.sun.enterprise.naming.impl.SerialContext.lookup(SerialContext.java:542)
	at com.sun.enterprise.naming.impl.SerialContext.lookup(SerialContext.java:455)
	at javax.naming.InitialContext.lookup(InitialContext.java:411)
	at org.springframework.jndi.JndiTemplate$1.doInContext(JndiTemplate.java:154)
	at org.springframework.jndi.JndiTemplate.execute(JndiTemplate.java:87)
	at org.springframework.jndi.JndiTemplate.lookup(JndiTemplate.java:152)
	at org.springframework.jndi.JndiTemplate.lookup(JndiTemplate.java:178)
	at org.springframework.jndi.JndiLocatorSupport.lookup(JndiLocatorSupport.java:104)
	at org.springframework.jndi.JndiObjectLocator.lookup(JndiObjectLocator.java:105)
	at org.springframework.jndi.JndiObjectFactoryBean.lookupWithFallback(JndiObjectFactoryBean.java:201)
	at org.springframework.jndi.JndiObjectFactoryBean.afterPropertiesSet(JndiObjectFactoryBean.java:187)
	at org.springframework.beans.factory.support.AbstractAutowireCapableBeanFactory.invokeInitMethods(AbstractAutowireCapableBeanFactory.java:1541)
	at org.springframework.beans.factory.support.AbstractAutowireCapableBeanFactory.initializeBean(AbstractAutowireCapableBeanFactory.java:1479)
	... 42 more
Caused by: java.rmi.MarshalException: CORBA MARSHAL 1330446347 Maybe; nested exception is: 
	org.omg.CORBA.MARSHAL: WARNING: IOP00810011: Exception from readValue on ValueHandler in CDRInputStream  vmcid: OMG  minor code: 11 completed: Maybe
	at com.sun.corba.ee.impl.javax.rmi.CORBA.Util.mapSystemException(Util.java:267)
	at com.sun.corba.ee.impl.presentation.rmi.StubInvocationHandlerImpl.privateInvoke(StubInvocationHandlerImpl.java:213)
	at com.sun.corba.ee.impl.presentation.rmi.StubInvocationHandlerImpl.invoke(StubInvocationHandlerImpl.java:152)
	at com.sun.corba.ee.impl.presentation.rmi.codegen.CodegenStubBase.invoke(CodegenStubBase.java:227)
	at com.sun.enterprise.naming.impl._SerialContextProvider_DynamicStub.lookup(com/sun/enterprise/naming/impl/_SerialContextProvider_DynamicStub.java)
	at com.sun.enterprise.naming.impl.SerialContext.lookup(SerialContext.java:505)
	... 54 more
Caused by: org.omg.CORBA.MARSHAL: WARNING: IOP00810011: Exception from readValue on ValueHandler in CDRInputStream  vmcid: OMG  minor code: 11 completed: Maybe
	at sun.reflect.GeneratedConstructorAccessor40.newInstance(Unknown Source)
	at sun.reflect.DelegatingConstructorAccessorImpl.newInstance(DelegatingConstructorAccessorImpl.java:45)
	at java.lang.reflect.Constructor.newInstance(Constructor.java:526)
	at com.sun.corba.ee.spi.orbutil.logex.corba.CorbaExtension.makeException(CorbaExtension.java:248)
	at com.sun.corba.ee.spi.orbutil.logex.corba.CorbaExtension.makeException(CorbaExtension.java:95)
	at com.sun.corba.ee.spi.orbutil.logex.WrapperGenerator.handleFullLogging(WrapperGenerator.java:387)
	at com.sun.corba.ee.spi.orbutil.logex.WrapperGenerator.access$400(WrapperGenerator.java:107)
	at com.sun.corba.ee.spi.orbutil.logex.WrapperGenerator$2.invoke(WrapperGenerator.java:511)
	at com.sun.corba.ee.spi.orbutil.proxy.CompositeInvocationHandlerImpl.invoke(CompositeInvocationHandlerImpl.java:99)
	at com.sun.proxy.$Proxy31.valuehandlerReadException(Unknown Source)
	at com.sun.corba.ee.impl.encoding.CDRInputStream_1_0.readRMIIIOPValueType(CDRInputStream_1_0.java:1022)
	at com.sun.corba.ee.impl.encoding.CDRInputStream_1_0.read_value(CDRInputStream_1_0.java:1123)
	at com.sun.corba.ee.impl.encoding.CDRInputObject.read_value(CDRInputObject.java:531)
	at com.sun.corba.ee.impl.io.IIOPInputStream.inputObjectField(IIOPInputStream.java:2162)
	at com.sun.corba.ee.impl.io.IIOPInputStream.inputClassFields(IIOPInputStream.java:2404)
	at com.sun.corba.ee.impl.io.IIOPInputStream.inputObject(IIOPInputStream.java:1224)
	at com.sun.corba.ee.impl.io.IIOPInputStream.simpleReadObject(IIOPInputStream.java:425)
	at com.sun.corba.ee.impl.io.ValueHandlerImpl.readValueInternal(ValueHandlerImpl.java:308)
	at com.sun.corba.ee.impl.io.ValueHandlerImpl.readValue(ValueHandlerImpl.java:274)
	at com.sun.corba.ee.impl.encoding.CDRInputStream_1_0.readRMIIIOPValueType(CDRInputStream_1_0.java:1015)
	at com.sun.corba.ee.impl.encoding.CDRInputStream_1_0.read_value(CDRInputStream_1_0.java:1123)
	at com.sun.corba.ee.impl.encoding.CDRInputObject.read_value(CDRInputObject.java:531)
	at com.sun.corba.ee.impl.io.IIOPInputStream.inputObjectField(IIOPInputStream.java:2162)
	at com.sun.corba.ee.impl.io.IIOPInputStream.inputClassFields(IIOPInputStream.java:2404)
	at com.sun.corba.ee.impl.io.IIOPInputStream.inputObject(IIOPInputStream.java:1224)
	at com.sun.corba.ee.impl.io.IIOPInputStream.simpleReadObject(IIOPInputStream.java:425)
	at com.sun.corba.ee.impl.io.ValueHandlerImpl.readValueInternal(ValueHandlerImpl.java:308)
	at com.sun.corba.ee.impl.io.ValueHandlerImpl.readValue(ValueHandlerImpl.java:274)
	at com.sun.corba.ee.impl.encoding.CDRInputStream_1_0.readRMIIIOPValueType(CDRInputStream_1_0.java:1015)
	at com.sun.corba.ee.impl.encoding.CDRInputStream_1_0.read_value(CDRInputStream_1_0.java:1123)
	at com.sun.corba.ee.impl.encoding.CDRInputStream_1_0.read_value(CDRInputStream_1_0.java:935)
	at com.sun.corba.ee.impl.encoding.CDRInputObject.read_value(CDRInputObject.java:525)
	at com.sun.corba.ee.impl.corba.TCUtility.unmarshalIn(TCUtility.java:289)
	at com.sun.corba.ee.impl.corba.AnyImpl.read_value(AnyImpl.java:605)
	at com.sun.corba.ee.impl.encoding.CDRInputStream_1_0.read_any(CDRInputStream_1_0.java:775)
	at com.sun.corba.ee.impl.encoding.CDRInputObject.read_any(CDRInputObject.java:482)
	at com.sun.corba.ee.impl.javax.rmi.CORBA.Util.readAny(Util.java:452)
	at com.sun.corba.ee.impl.presentation.rmi.DynamicMethodMarshallerImpl$10.read(DynamicMethodMarshallerImpl.java:299)
	at com.sun.corba.ee.impl.presentation.rmi.DynamicMethodMarshallerImpl.readResult(DynamicMethodMarshallerImpl.java:483)
	at com.sun.corba.ee.impl.presentation.rmi.StubInvocationHandlerImpl.privateInvoke(StubInvocationHandlerImpl.java:203)
	... 58 more
Caused by: java.lang.NullPointerException
	at com.sun.corba.ee.impl.orbutil.ClassInfoCache$ClassInfo.<init>(ClassInfoCache.java:156)
	at com.sun.corba.ee.impl.orbutil.ClassInfoCache.get(ClassInfoCache.java:281)
	at com.sun.corba.ee.impl.encoding.CDRInputStream_1_0.read_value(CDRInputStream_1_0.java:1097)
	at com.sun.corba.ee.impl.encoding.CDRInputStream_1_0.read_value(CDRInputStream_1_0.java:935)
	at com.sun.corba.ee.impl.encoding.CDRInputObject.read_value(CDRInputObject.java:525)
	at com.sun.corba.ee.impl.corba.TCUtility.unmarshalIn(TCUtility.java:289)
	at com.sun.corba.ee.impl.corba.AnyImpl.read_value(AnyImpl.java:605)
	at com.sun.corba.ee.impl.encoding.CDRInputStream_1_0.read_any(CDRInputStream_1_0.java:775)
	at com.sun.corba.ee.impl.encoding.CDRInputObject.read_any(CDRInputObject.java:482)
	at com.sun.corba.ee.impl.javax.rmi.CORBA.Util.readAny(Util.java:452)
	at com.sun.corba.ee.impl.io.ValueHandlerImpl.read_Array(ValueHandlerImpl.java:639)
	at com.sun.corba.ee.impl.io.ValueHandlerImpl.readValueInternal(ValueHandlerImpl.java:305)
	at com.sun.corba.ee.impl.io.ValueHandlerImpl.readValue(ValueHandlerImpl.java:274)
	at com.sun.corba.ee.impl.encoding.CDRInputStream_1_0.readRMIIIOPValueType(CDRInputStream_1_0.java:1015)
	... 87 more
